
Magic 8.3 revision 179 - Compiled on Tue Jun 15 07:12:53 UTC 2021.
Starting magic under Tcl interpreter
Using the terminal as the console.
Using NULL graphics device.
Processing system .magicrc file
Sourcing design .magicrc for technology sky130A ...
2 Magic internal units = 1 Lambda
Input style sky130(): scaleFactor=2, multiplier=2
Scaled tech values by 2 / 1 to match internal grid scaling
Loading sky130A Device Generator Menu ...
Loading "/openLANE_flow/scripts/magic/lef.tcl" from command line.
Reading LEF data from file /home/vsduser/Desktop/work/tools/openlane_working_dir/pdks/sky130A/libs.ref/sky130_fd_sc_hd/techlef/sky130_fd_sc_hd.tlef.
This action cannot be undone.
LEF read, Line 77 (Message): Unknown keyword "ANTENNAMODEL" in LEF file; ignoring.
LEF read, Line 78 (Message): Unknown keyword "ANTENNADIFFSIDEAREARATIO" in LEF file; ignoring.
LEF read, Line 110 (Message): Unknown keyword "MINENCLOSEDAREA" in LEF file; ignoring.
LEF read, Line 112 (Message): Unknown keyword "ANTENNAMODEL" in LEF file; ignoring.
LEF read, Line 113 (Message): Unknown keyword "ANTENNADIFFSIDEAREARATIO" in LEF file; ignoring.
LEF read, Line 119 (Message): Unknown keyword "MAXIMUMDENSITY" in LEF file; ignoring.
LEF read, Line 120 (Message): Unknown keyword "DENSITYCHECKWINDOW" in LEF file; ignoring.
LEF read, Line 121 (Message): Unknown keyword "DENSITYCHECKSTEP" in LEF file; ignoring.
LEF read, Line 153 (Message): Unknown keyword "MINENCLOSEDAREA" in LEF file; ignoring.
LEF read, Line 161 (Message): Unknown keyword "ANTENNAMODEL" in LEF file; ignoring.
LEF read, Line 162 (Message): Unknown keyword "ANTENNADIFFSIDEAREARATIO" in LEF file; ignoring.
LEF read, Line 164 (Message): Unknown keyword "MAXIMUMDENSITY" in LEF file; ignoring.
LEF read, Line 165 (Message): Unknown keyword "DENSITYCHECKWINDOW" in LEF file; ignoring.
LEF read, Line 166 (Message): Unknown keyword "DENSITYCHECKSTEP" in LEF file; ignoring.
LEF read, Line 202 (Message): Unknown keyword "ANTENNAMODEL" in LEF file; ignoring.
LEF read, Line 203 (Message): Unknown keyword "ANTENNADIFFSIDEAREARATIO" in LEF file; ignoring.
LEF read, Line 205 (Message): Unknown keyword "MAXIMUMDENSITY" in LEF file; ignoring.
LEF read, Line 206 (Message): Unknown keyword "DENSITYCHECKWINDOW" in LEF file; ignoring.
LEF read, Line 207 (Message): Unknown keyword "DENSITYCHECKSTEP" in LEF file; ignoring.
LEF read, Line 243 (Message): Unknown keyword "ANTENNAMODEL" in LEF file; ignoring.
LEF read, Line 244 (Message): Unknown keyword "ANTENNADIFFSIDEAREARATIO" in LEF file; ignoring.
LEF read, Line 246 (Message): Unknown keyword "MAXIMUMDENSITY" in LEF file; ignoring.
LEF read, Line 247 (Message): Unknown keyword "DENSITYCHECKWINDOW" in LEF file; ignoring.
LEF read, Line 248 (Message): Unknown keyword "DENSITYCHECKSTEP" in LEF file; ignoring.
LEF read, Line 284 (Message): Unknown keyword "ANTENNAMODEL" in LEF file; ignoring.
LEF read, Line 285 (Message): Unknown keyword "ANTENNADIFFSIDEAREARATIO" in LEF file; ignoring.
LEF read: Processed 791 lines.
Reading LEF data from file /openLANE_flow/designs/picorv32a/src/sky130_inv_lak.lef.
This action cannot be undone.
LEF read: Processed 66 lines.
picorv32a: 10000 rects
picorv32a: 20000 rects
picorv32a: 30000 rects
picorv32a: 40000 rects
picorv32a: 50000 rects
picorv32a: 60000 rects
picorv32a: 70000 rects
picorv32a: 80000 rects
picorv32a: 90000 rects
picorv32a: 100000 rects
picorv32a: 110000 rects
picorv32a: 120000 rects
picorv32a: 130000 rects
picorv32a: 140000 rects
picorv32a: 150000 rects
picorv32a: 160000 rects
picorv32a: 170000 rects
picorv32a: 180000 rects
picorv32a: 190000 rects
picorv32a: 200000 rects
picorv32a: 210000 rects
picorv32a: 220000 rects
picorv32a: 230000 rects
picorv32a: 240000 rects
picorv32a: 250000 rects
picorv32a: 260000 rects
picorv32a: 270000 rects
picorv32a: 280000 rects
picorv32a: 290000 rects
picorv32a: 300000 rects
picorv32a: 310000 rects
picorv32a: 320000 rects
picorv32a: 330000 rects
picorv32a: 340000 rects
picorv32a: 350000 rects
picorv32a: 360000 rects
picorv32a: 370000 rects
picorv32a: 380000 rects
picorv32a: 390000 rects
picorv32a: 400000 rects
picorv32a: 410000 rects
picorv32a: 420000 rects
picorv32a: 430000 rects
picorv32a: 440000 rects
picorv32a: 450000 rects
picorv32a: 460000 rects
picorv32a: 470000 rects
picorv32a: 480000 rects
picorv32a: 490000 rects
picorv32a: 500000 rects
picorv32a: 510000 rects
picorv32a: 520000 rects
picorv32a: 530000 rects
picorv32a: 540000 rects
picorv32a: 550000 rects
picorv32a: 560000 rects
picorv32a: 570000 rects
picorv32a: 580000 rects
picorv32a: 590000 rects
picorv32a: 600000 rects
picorv32a: 610000 rects
picorv32a: 620000 rects
picorv32a: 630000 rects
picorv32a: 640000 rects
picorv32a: 650000 rects
picorv32a: 660000 rects
picorv32a: 670000 rects
picorv32a: 680000 rects
picorv32a: 690000 rects
picorv32a: 700000 rects
picorv32a: 710000 rects
picorv32a: 720000 rects
picorv32a: 730000 rects
picorv32a: 740000 rects
picorv32a: 750000 rects
picorv32a: 760000 rects
picorv32a: 770000 rects
picorv32a: 780000 rects
picorv32a: 790000 rects
picorv32a: 800000 rects
picorv32a: 810000 rects
picorv32a: 820000 rects
picorv32a: 830000 rects
picorv32a: 840000 rects
picorv32a: 850000 rects
picorv32a: 860000 rects
picorv32a: 870000 rects
picorv32a: 880000 rects
picorv32a: 890000 rects
picorv32a: 900000 rects
picorv32a: 910000 rects
picorv32a: 920000 rects
picorv32a: 930000 rects
picorv32a: 940000 rects
picorv32a: 950000 rects
picorv32a: 960000 rects
picorv32a: 970000 rects
picorv32a: 980000 rects
picorv32a: 990000 rects
picorv32a: 1000000 rects
picorv32a: 1010000 rects
picorv32a: 1020000 rects
Processing timestamp mismatches: sky130_inv_lak.
[INFO]: Writing abstract LEF
Generating LEF output /openLANE_flow/designs/picorv32a/runs/12-08_20-54/results/magic/picorv32a.lef for cell picorv32a:
Diagnostic:  Write LEF header for cell picorv32a
Diagnostic:  Writing LEF output for cell picorv32a
Warning:  Parent cell lists instance of "sky130_fd_sc_hd__decap_8" at bad file path /openLANE_flow/designs/picorv32a/runs/12-08_20-54/results/magic/sky130_fd_sc_hd__decap_8.mag.
The cell exists in the search paths at /home/vsduser/Desktop/work/tools/openlane_working_dir/pdks/sky130A/libs.ref/sky130_fd_sc_hd/maglef/sky130_fd_sc_hd__decap_8.mag.
The discovered version will be used.
Warning:  Parent cell lists instance of "sky130_fd_sc_hd__fill_2" at bad file path /openLANE_flow/designs/picorv32a/runs/12-08_20-54/results/magic/sky130_fd_sc_hd__fill_2.mag.
The cell exists in the search paths at /home/vsduser/Desktop/work/tools/openlane_working_dir/pdks/sky130A/libs.ref/sky130_fd_sc_hd/maglef/sky130_fd_sc_hd__fill_2.mag.
The discovered version will be used.
Warning:  Parent cell lists instance of "sky130_fd_sc_hd__diode_2" at bad file path /openLANE_flow/designs/picorv32a/runs/12-08_20-54/results/magic/sky130_fd_sc_hd__diode_2.mag.
The cell exists in the search paths at /home/vsduser/Desktop/work/tools/openlane_working_dir/pdks/sky130A/libs.ref/sky130_fd_sc_hd/maglef/sky130_fd_sc_hd__diode_2.mag.
The discovered version will be used.
Warning:  Parent cell lists instance of "sky130_fd_sc_hd__clkbuf_2" at bad file path /openLANE_flow/designs/picorv32a/runs/12-08_20-54/results/magic/sky130_fd_sc_hd__clkbuf_2.mag.
The cell exists in the search paths at /home/vsduser/Desktop/work/tools/openlane_working_dir/pdks/sky130A/libs.ref/sky130_fd_sc_hd/maglef/sky130_fd_sc_hd__clkbuf_2.mag.
The discovered version will be used.
Warning:  Parent cell lists instance of "sky130_fd_sc_hd__tapvpwrvgnd_1" at bad file path /openLANE_flow/designs/picorv32a/runs/12-08_20-54/results/magic/sky130_fd_sc_hd__tapvpwrvgnd_1.mag.
The cell exists in the search paths at /home/vsduser/Desktop/work/tools/openlane_working_dir/pdks/sky130A/libs.ref/sky130_fd_sc_hd/maglef/sky130_fd_sc_hd__tapvpwrvgnd_1.mag.
The discovered version will be used.
Warning:  Parent cell lists instance of "sky130_fd_sc_hd__decap_3" at bad file path /openLANE_flow/designs/picorv32a/runs/12-08_20-54/results/magic/sky130_fd_sc_hd__decap_3.mag.
The cell exists in the search paths at /home/vsduser/Desktop/work/tools/openlane_working_dir/pdks/sky130A/libs.ref/sky130_fd_sc_hd/maglef/sky130_fd_sc_hd__decap_3.mag.
The discovered version will be used.
Warning:  Parent cell lists instance of "sky130_fd_sc_hd__buf_8" at bad file path /openLANE_flow/designs/picorv32a/runs/12-08_20-54/results/magic/sky130_fd_sc_hd__buf_8.mag.
The cell exists in the search paths at /home/vsduser/Desktop/work/tools/openlane_working_dir/pdks/sky130A/libs.ref/sky130_fd_sc_hd/maglef/sky130_fd_sc_hd__buf_8.mag.
The discovered version will be used.
Warning:  Parent cell lists instance of "sky130_fd_sc_hd__decap_6" at bad file path /openLANE_flow/designs/picorv32a/runs/12-08_20-54/results/magic/sky130_fd_sc_hd__decap_6.mag.
The cell exists in the search paths at /home/vsduser/Desktop/work/tools/openlane_working_dir/pdks/sky130A/libs.ref/sky130_fd_sc_hd/maglef/sky130_fd_sc_hd__decap_6.mag.
The discovered version will be used.
Warning:  Parent cell lists instance of "sky130_fd_sc_hd__fill_1" at bad file path /openLANE_flow/designs/picorv32a/runs/12-08_20-54/results/magic/sky130_fd_sc_hd__fill_1.mag.
The cell exists in the search paths at /home/vsduser/Desktop/work/tools/openlane_working_dir/pdks/sky130A/libs.ref/sky130_fd_sc_hd/maglef/sky130_fd_sc_hd__fill_1.mag.
The discovered version will be used.
Warning:  Parent cell lists instance of "sky130_fd_sc_hd__decap_4" at bad file path /openLANE_flow/designs/picorv32a/runs/12-08_20-54/results/magic/sky130_fd_sc_hd__decap_4.mag.
The cell exists in the search paths at /home/vsduser/Desktop/work/tools/openlane_working_dir/pdks/sky130A/libs.ref/sky130_fd_sc_hd/maglef/sky130_fd_sc_hd__decap_4.mag.
The discovered version will be used.
Warning:  Parent cell lists instance of "sky130_fd_sc_hd__clkbuf_8" at bad file path /openLANE_flow/designs/picorv32a/runs/12-08_20-54/results/magic/sky130_fd_sc_hd__clkbuf_8.mag.
The cell exists in the search paths at /home/vsduser/Desktop/work/tools/openlane_working_dir/pdks/sky130A/libs.ref/sky130_fd_sc_hd/maglef/sky130_fd_sc_hd__clkbuf_8.mag.
The discovered version will be used.
Warning:  Parent cell lists instance of "sky130_fd_sc_hd__decap_12" at bad file path /openLANE_flow/designs/picorv32a/runs/12-08_20-54/results/magic/sky130_fd_sc_hd__decap_12.mag.
The cell exists in the search paths at /home/vsduser/Desktop/work/tools/openlane_working_dir/pdks/sky130A/libs.ref/sky130_fd_sc_hd/maglef/sky130_fd_sc_hd__decap_12.mag.
The discovered version will be used.
Warning:  Parent cell lists instance of "sky130_fd_sc_hd__buf_1" at bad file path /openLANE_flow/designs/picorv32a/runs/12-08_20-54/results/magic/sky130_fd_sc_hd__buf_1.mag.
The cell exists in the search paths at /home/vsduser/Desktop/work/tools/openlane_working_dir/pdks/sky130A/libs.ref/sky130_fd_sc_hd/maglef/sky130_fd_sc_hd__buf_1.mag.
The discovered version will be used.
Warning:  Parent cell lists instance of "sky130_fd_sc_hd__buf_6" at bad file path /openLANE_flow/designs/picorv32a/runs/12-08_20-54/results/magic/sky130_fd_sc_hd__buf_6.mag.
The cell exists in the search paths at /home/vsduser/Desktop/work/tools/openlane_working_dir/pdks/sky130A/libs.ref/sky130_fd_sc_hd/maglef/sky130_fd_sc_hd__buf_6.mag.
The discovered version will be used.
Warning:  Parent cell lists instance of "sky130_fd_sc_hd__or2_1" at bad file path /openLANE_flow/designs/picorv32a/runs/12-08_20-54/results/magic/sky130_fd_sc_hd__or2_1.mag.
The cell exists in the search paths at /home/vsduser/Desktop/work/tools/openlane_working_dir/pdks/sky130A/libs.ref/sky130_fd_sc_hd/maglef/sky130_fd_sc_hd__or2_1.mag.
The discovered version will be used.
Warning:  Parent cell lists instance of "sky130_fd_sc_hd__dfxtp_2" at bad file path /openLANE_flow/designs/picorv32a/runs/12-08_20-54/results/magic/sky130_fd_sc_hd__dfxtp_2.mag.
The cell exists in the search paths at /home/vsduser/Desktop/work/tools/openlane_working_dir/pdks/sky130A/libs.ref/sky130_fd_sc_hd/maglef/sky130_fd_sc_hd__dfxtp_2.mag.
The discovered version will be used.
Warning:  Parent cell lists instance of "sky130_fd_sc_hd__o21ai_1" at bad file path /openLANE_flow/designs/picorv32a/runs/12-08_20-54/results/magic/sky130_fd_sc_hd__o21ai_1.mag.
The cell exists in the search paths at /home/vsduser/Desktop/work/tools/openlane_working_dir/pdks/sky130A/libs.ref/sky130_fd_sc_hd/maglef/sky130_fd_sc_hd__o21ai_1.mag.
The discovered version will be used.
Warning:  Parent cell lists instance of "sky130_fd_sc_hd__and2_1" at bad file path /openLANE_flow/designs/picorv32a/runs/12-08_20-54/results/magic/sky130_fd_sc_hd__and2_1.mag.
The cell exists in the search paths at /home/vsduser/Desktop/work/tools/openlane_working_dir/pdks/sky130A/libs.ref/sky130_fd_sc_hd/maglef/sky130_fd_sc_hd__and2_1.mag.
The discovered version will be used.
Warning:  Parent cell lists instance of "sky130_fd_sc_hd__buf_4" at bad file path /openLANE_flow/designs/picorv32a/runs/12-08_20-54/results/magic/sky130_fd_sc_hd__buf_4.mag.
The cell exists in the search paths at /home/vsduser/Desktop/work/tools/openlane_working_dir/pdks/sky130A/libs.ref/sky130_fd_sc_hd/maglef/sky130_fd_sc_hd__buf_4.mag.
The discovered version will be used.
Warning:  Parent cell lists instance of "sky130_fd_sc_hd__clkbuf_4" at bad file path /openLANE_flow/designs/picorv32a/runs/12-08_20-54/results/magic/sky130_fd_sc_hd__clkbuf_4.mag.
The cell exists in the search paths at /home/vsduser/Desktop/work/tools/openlane_working_dir/pdks/sky130A/libs.ref/sky130_fd_sc_hd/maglef/sky130_fd_sc_hd__clkbuf_4.mag.
The discovered version will be used.
Warning:  Parent cell lists instance of "sky130_fd_sc_hd__conb_1" at bad file path /openLANE_flow/designs/picorv32a/runs/12-08_20-54/results/magic/sky130_fd_sc_hd__conb_1.mag.
The cell exists in the search paths at /home/vsduser/Desktop/work/tools/openlane_working_dir/pdks/sky130A/libs.ref/sky130_fd_sc_hd/maglef/sky130_fd_sc_hd__conb_1.mag.
The discovered version will be used.
Warning:  Parent cell lists instance of "sky130_fd_sc_hd__a2bb2o_1" at bad file path /openLANE_flow/designs/picorv32a/runs/12-08_20-54/results/magic/sky130_fd_sc_hd__a2bb2o_1.mag.
The cell exists in the search paths at /home/vsduser/Desktop/work/tools/openlane_working_dir/pdks/sky130A/libs.ref/sky130_fd_sc_hd/maglef/sky130_fd_sc_hd__a2bb2o_1.mag.
The discovered version will be used.
Warning:  Parent cell lists instance of "sky130_fd_sc_hd__a21bo_1" at bad file path /openLANE_flow/designs/picorv32a/runs/12-08_20-54/results/magic/sky130_fd_sc_hd__a21bo_1.mag.
The cell exists in the search paths at /home/vsduser/Desktop/work/tools/openlane_working_dir/pdks/sky130A/libs.ref/sky130_fd_sc_hd/maglef/sky130_fd_sc_hd__a21bo_1.mag.
The discovered version will be used.
Warning:  Parent cell lists instance of "sky130_fd_sc_hd__clkbuf_16" at bad file path /openLANE_flow/designs/picorv32a/runs/12-08_20-54/results/magic/sky130_fd_sc_hd__clkbuf_16.mag.
The cell exists in the search paths at /home/vsduser/Desktop/work/tools/openlane_working_dir/pdks/sky130A/libs.ref/sky130_fd_sc_hd/maglef/sky130_fd_sc_hd__clkbuf_16.mag.
The discovered version will be used.
Warning:  Parent cell lists instance of "sky130_fd_sc_hd__o31a_1" at bad file path /openLANE_flow/designs/picorv32a/runs/12-08_20-54/results/magic/sky130_fd_sc_hd__o31a_1.mag.
The cell exists in the search paths at /home/vsduser/Desktop/work/tools/openlane_working_dir/pdks/sky130A/libs.ref/sky130_fd_sc_hd/maglef/sky130_fd_sc_hd__o31a_1.mag.
The discovered version will be used.
Warning:  Parent cell lists instance of "sky130_fd_sc_hd__a22o_1" at bad file path /openLANE_flow/designs/picorv32a/runs/12-08_20-54/results/magic/sky130_fd_sc_hd__a22o_1.mag.
The cell exists in the search paths at /home/vsduser/Desktop/work/tools/openlane_working_dir/pdks/sky130A/libs.ref/sky130_fd_sc_hd/maglef/sky130_fd_sc_hd__a22o_1.mag.
The discovered version will be used.
Warning:  Parent cell lists instance of "sky130_fd_sc_hd__o22a_1" at bad file path /openLANE_flow/designs/picorv32a/runs/12-08_20-54/results/magic/sky130_fd_sc_hd__o22a_1.mag.
The cell exists in the search paths at /home/vsduser/Desktop/work/tools/openlane_working_dir/pdks/sky130A/libs.ref/sky130_fd_sc_hd/maglef/sky130_fd_sc_hd__o22a_1.mag.
The discovered version will be used.
Warning:  Parent cell lists instance of "sky130_fd_sc_hd__or2b_1" at bad file path /openLANE_flow/designs/picorv32a/runs/12-08_20-54/results/magic/sky130_fd_sc_hd__or2b_1.mag.
The cell exists in the search paths at /home/vsduser/Desktop/work/tools/openlane_working_dir/pdks/sky130A/libs.ref/sky130_fd_sc_hd/maglef/sky130_fd_sc_hd__or2b_1.mag.
The discovered version will be used.
Warning:  Parent cell lists instance of "sky130_fd_sc_hd__o221a_1" at bad file path /openLANE_flow/designs/picorv32a/runs/12-08_20-54/results/magic/sky130_fd_sc_hd__o221a_1.mag.
The cell exists in the search paths at /home/vsduser/Desktop/work/tools/openlane_working_dir/pdks/sky130A/libs.ref/sky130_fd_sc_hd/maglef/sky130_fd_sc_hd__o221a_1.mag.
The discovered version will be used.
Warning:  Parent cell lists instance of "sky130_fd_sc_hd__a2bb2oi_1" at bad file path /openLANE_flow/designs/picorv32a/runs/12-08_20-54/results/magic/sky130_fd_sc_hd__a2bb2oi_1.mag.
The cell exists in the search paths at /home/vsduser/Desktop/work/tools/openlane_working_dir/pdks/sky130A/libs.ref/sky130_fd_sc_hd/maglef/sky130_fd_sc_hd__a2bb2oi_1.mag.
The discovered version will be used.
Warning:  Parent cell lists instance of "sky130_fd_sc_hd__clkbuf_1" at bad file path /openLANE_flow/designs/picorv32a/runs/12-08_20-54/results/magic/sky130_fd_sc_hd__clkbuf_1.mag.
The cell exists in the search paths at /home/vsduser/Desktop/work/tools/openlane_working_dir/pdks/sky130A/libs.ref/sky130_fd_sc_hd/maglef/sky130_fd_sc_hd__clkbuf_1.mag.
The discovered version will be used.
Warning:  Parent cell lists instance of "sky130_fd_sc_hd__or3_1" at bad file path /openLANE_flow/designs/picorv32a/runs/12-08_20-54/results/magic/sky130_fd_sc_hd__or3_1.mag.
The cell exists in the search paths at /home/vsduser/Desktop/work/tools/openlane_working_dir/pdks/sky130A/libs.ref/sky130_fd_sc_hd/maglef/sky130_fd_sc_hd__or3_1.mag.
The discovered version will be used.
Warning:  Parent cell lists instance of "sky130_fd_sc_hd__buf_2" at bad file path /openLANE_flow/designs/picorv32a/runs/12-08_20-54/results/magic/sky130_fd_sc_hd__buf_2.mag.
The cell exists in the search paths at /home/vsduser/Desktop/work/tools/openlane_working_dir/pdks/sky130A/libs.ref/sky130_fd_sc_hd/maglef/sky130_fd_sc_hd__buf_2.mag.
The discovered version will be used.
Warning:  Parent cell lists instance of "sky130_fd_sc_hd__o221a_2" at bad file path /openLANE_flow/designs/picorv32a/runs/12-08_20-54/results/magic/sky130_fd_sc_hd__o221a_2.mag.
The cell exists in the search paths at /home/vsduser/Desktop/work/tools/openlane_working_dir/pdks/sky130A/libs.ref/sky130_fd_sc_hd/maglef/sky130_fd_sc_hd__o221a_2.mag.
The discovered version will be used.
Warning:  Parent cell lists instance of "sky130_fd_sc_hd__or3_4" at bad file path /openLANE_flow/designs/picorv32a/runs/12-08_20-54/results/magic/sky130_fd_sc_hd__or3_4.mag.
The cell exists in the search paths at /home/vsduser/Desktop/work/tools/openlane_working_dir/pdks/sky130A/libs.ref/sky130_fd_sc_hd/maglef/sky130_fd_sc_hd__or3_4.mag.
The discovered version will be used.
Warning:  Parent cell lists instance of "sky130_fd_sc_hd__o2bb2ai_1" at bad file path /openLANE_flow/designs/picorv32a/runs/12-08_20-54/results/magic/sky130_fd_sc_hd__o2bb2ai_1.mag.
The cell exists in the search paths at /home/vsduser/Desktop/work/tools/openlane_working_dir/pdks/sky130A/libs.ref/sky130_fd_sc_hd/maglef/sky130_fd_sc_hd__o2bb2ai_1.mag.
The discovered version will be used.
Warning:  Parent cell lists instance of "sky130_fd_sc_hd__o31a_4" at bad file path /openLANE_flow/designs/picorv32a/runs/12-08_20-54/results/magic/sky130_fd_sc_hd__o31a_4.mag.
The cell exists in the search paths at /home/vsduser/Desktop/work/tools/openlane_working_dir/pdks/sky130A/libs.ref/sky130_fd_sc_hd/maglef/sky130_fd_sc_hd__o31a_4.mag.
The discovered version will be used.
Warning:  Parent cell lists instance of "sky130_fd_sc_hd__o2bb2a_1" at bad file path /openLANE_flow/designs/picorv32a/runs/12-08_20-54/results/magic/sky130_fd_sc_hd__o2bb2a_1.mag.
The cell exists in the search paths at /home/vsduser/Desktop/work/tools/openlane_working_dir/pdks/sky130A/libs.ref/sky130_fd_sc_hd/maglef/sky130_fd_sc_hd__o2bb2a_1.mag.
The discovered version will be used.
Warning:  Parent cell lists instance of "sky130_fd_sc_hd__o21ai_2" at bad file path /openLANE_flow/designs/picorv32a/runs/12-08_20-54/results/magic/sky130_fd_sc_hd__o21ai_2.mag.
The cell exists in the search paths at /home/vsduser/Desktop/work/tools/openlane_working_dir/pdks/sky130A/libs.ref/sky130_fd_sc_hd/maglef/sky130_fd_sc_hd__o21ai_2.mag.
The discovered version will be used.
Warning:  Parent cell lists instance of "sky130_fd_sc_hd__o21a_1" at bad file path /openLANE_flow/designs/picorv32a/runs/12-08_20-54/results/magic/sky130_fd_sc_hd__o21a_1.mag.
The cell exists in the search paths at /home/vsduser/Desktop/work/tools/openlane_working_dir/pdks/sky130A/libs.ref/sky130_fd_sc_hd/maglef/sky130_fd_sc_hd__o21a_1.mag.
The discovered version will be used.
Warning:  Parent cell lists instance of "sky130_fd_sc_hd__o21a_2" at bad file path /openLANE_flow/designs/picorv32a/runs/12-08_20-54/results/magic/sky130_fd_sc_hd__o21a_2.mag.
The cell exists in the search paths at /home/vsduser/Desktop/work/tools/openlane_working_dir/pdks/sky130A/libs.ref/sky130_fd_sc_hd/maglef/sky130_fd_sc_hd__o21a_2.mag.
The discovered version will be used.
Warning:  Parent cell lists instance of "sky130_fd_sc_hd__o21ba_1" at bad file path /openLANE_flow/designs/picorv32a/runs/12-08_20-54/results/magic/sky130_fd_sc_hd__o21ba_1.mag.
The cell exists in the search paths at /home/vsduser/Desktop/work/tools/openlane_working_dir/pdks/sky130A/libs.ref/sky130_fd_sc_hd/maglef/sky130_fd_sc_hd__o21ba_1.mag.
The discovered version will be used.
Warning:  Parent cell lists instance of "sky130_fd_sc_hd__and3_1" at bad file path /openLANE_flow/designs/picorv32a/runs/12-08_20-54/results/magic/sky130_fd_sc_hd__and3_1.mag.
The cell exists in the search paths at /home/vsduser/Desktop/work/tools/openlane_working_dir/pdks/sky130A/libs.ref/sky130_fd_sc_hd/maglef/sky130_fd_sc_hd__and3_1.mag.
The discovered version will be used.
Warning:  Parent cell lists instance of "sky130_fd_sc_hd__a2bb2o_2" at bad file path /openLANE_flow/designs/picorv32a/runs/12-08_20-54/results/magic/sky130_fd_sc_hd__a2bb2o_2.mag.
The cell exists in the search paths at /home/vsduser/Desktop/work/tools/openlane_working_dir/pdks/sky130A/libs.ref/sky130_fd_sc_hd/maglef/sky130_fd_sc_hd__a2bb2o_2.mag.
The discovered version will be used.
Warning:  Parent cell lists instance of "sky130_fd_sc_hd__or2_2" at bad file path /openLANE_flow/designs/picorv32a/runs/12-08_20-54/results/magic/sky130_fd_sc_hd__or2_2.mag.
The cell exists in the search paths at /home/vsduser/Desktop/work/tools/openlane_working_dir/pdks/sky130A/libs.ref/sky130_fd_sc_hd/maglef/sky130_fd_sc_hd__or2_2.mag.
The discovered version will be used.
Warning:  Parent cell lists instance of "sky130_fd_sc_hd__nand2_1" at bad file path /openLANE_flow/designs/picorv32a/runs/12-08_20-54/results/magic/sky130_fd_sc_hd__nand2_1.mag.
The cell exists in the search paths at /home/vsduser/Desktop/work/tools/openlane_working_dir/pdks/sky130A/libs.ref/sky130_fd_sc_hd/maglef/sky130_fd_sc_hd__nand2_1.mag.
The discovered version will be used.
Warning:  Parent cell lists instance of "sky130_fd_sc_hd__o41a_2" at bad file path /openLANE_flow/designs/picorv32a/runs/12-08_20-54/results/magic/sky130_fd_sc_hd__o41a_2.mag.
The cell exists in the search paths at /home/vsduser/Desktop/work/tools/openlane_working_dir/pdks/sky130A/libs.ref/sky130_fd_sc_hd/maglef/sky130_fd_sc_hd__o41a_2.mag.
The discovered version will be used.
Warning:  Parent cell lists instance of "sky130_fd_sc_hd__dfxtp_4" at bad file path /openLANE_flow/designs/picorv32a/runs/12-08_20-54/results/magic/sky130_fd_sc_hd__dfxtp_4.mag.
The cell exists in the search paths at /home/vsduser/Desktop/work/tools/openlane_working_dir/pdks/sky130A/libs.ref/sky130_fd_sc_hd/maglef/sky130_fd_sc_hd__dfxtp_4.mag.
The discovered version will be used.
Warning:  Parent cell lists instance of "sky130_fd_sc_hd__dlymetal6s2s_1" at bad file path /openLANE_flow/designs/picorv32a/runs/12-08_20-54/results/magic/sky130_fd_sc_hd__dlymetal6s2s_1.mag.
The cell exists in the search paths at /home/vsduser/Desktop/work/tools/openlane_working_dir/pdks/sky130A/libs.ref/sky130_fd_sc_hd/maglef/sky130_fd_sc_hd__dlymetal6s2s_1.mag.
The discovered version will be used.
Warning:  Parent cell lists instance of "sky130_fd_sc_hd__a21oi_2" at bad file path /openLANE_flow/designs/picorv32a/runs/12-08_20-54/results/magic/sky130_fd_sc_hd__a21oi_2.mag.
The cell exists in the search paths at /home/vsduser/Desktop/work/tools/openlane_working_dir/pdks/sky130A/libs.ref/sky130_fd_sc_hd/maglef/sky130_fd_sc_hd__a21oi_2.mag.
The discovered version will be used.
Warning:  Parent cell lists instance of "sky130_fd_sc_hd__o22ai_1" at bad file path /openLANE_flow/designs/picorv32a/runs/12-08_20-54/results/magic/sky130_fd_sc_hd__o22ai_1.mag.
The cell exists in the search paths at /home/vsduser/Desktop/work/tools/openlane_working_dir/pdks/sky130A/libs.ref/sky130_fd_sc_hd/maglef/sky130_fd_sc_hd__o22ai_1.mag.
The discovered version will be used.
Warning:  Parent cell lists instance of "sky130_fd_sc_hd__o22a_2" at bad file path /openLANE_flow/designs/picorv32a/runs/12-08_20-54/results/magic/sky130_fd_sc_hd__o22a_2.mag.
The cell exists in the search paths at /home/vsduser/Desktop/work/tools/openlane_working_dir/pdks/sky130A/libs.ref/sky130_fd_sc_hd/maglef/sky130_fd_sc_hd__o22a_2.mag.
The discovered version will be used.
Warning:  Parent cell lists instance of "sky130_fd_sc_hd__a32o_1" at bad file path /openLANE_flow/designs/picorv32a/runs/12-08_20-54/results/magic/sky130_fd_sc_hd__a32o_1.mag.
The cell exists in the search paths at /home/vsduser/Desktop/work/tools/openlane_working_dir/pdks/sky130A/libs.ref/sky130_fd_sc_hd/maglef/sky130_fd_sc_hd__a32o_1.mag.
The discovered version will be used.
Warning:  Parent cell lists instance of "sky130_fd_sc_hd__a21bo_2" at bad file path /openLANE_flow/designs/picorv32a/runs/12-08_20-54/results/magic/sky130_fd_sc_hd__a21bo_2.mag.
The cell exists in the search paths at /home/vsduser/Desktop/work/tools/openlane_working_dir/pdks/sky130A/libs.ref/sky130_fd_sc_hd/maglef/sky130_fd_sc_hd__a21bo_2.mag.
The discovered version will be used.
Warning:  Parent cell lists instance of "sky130_fd_sc_hd__o31a_2" at bad file path /openLANE_flow/designs/picorv32a/runs/12-08_20-54/results/magic/sky130_fd_sc_hd__o31a_2.mag.
The cell exists in the search paths at /home/vsduser/Desktop/work/tools/openlane_working_dir/pdks/sky130A/libs.ref/sky130_fd_sc_hd/maglef/sky130_fd_sc_hd__o31a_2.mag.
The discovered version will be used.
Warning:  Parent cell lists instance of "sky130_fd_sc_hd__o32a_1" at bad file path /openLANE_flow/designs/picorv32a/runs/12-08_20-54/results/magic/sky130_fd_sc_hd__o32a_1.mag.
The cell exists in the search paths at /home/vsduser/Desktop/work/tools/openlane_working_dir/pdks/sky130A/libs.ref/sky130_fd_sc_hd/maglef/sky130_fd_sc_hd__o32a_1.mag.
The discovered version will be used.
Warning:  Parent cell lists instance of "sky130_fd_sc_hd__nor2_2" at bad file path /openLANE_flow/designs/picorv32a/runs/12-08_20-54/results/magic/sky130_fd_sc_hd__nor2_2.mag.
The cell exists in the search paths at /home/vsduser/Desktop/work/tools/openlane_working_dir/pdks/sky130A/libs.ref/sky130_fd_sc_hd/maglef/sky130_fd_sc_hd__nor2_2.mag.
The discovered version will be used.
Warning:  Parent cell lists instance of "sky130_fd_sc_hd__dfxtp_1" at bad file path /openLANE_flow/designs/picorv32a/runs/12-08_20-54/results/magic/sky130_fd_sc_hd__dfxtp_1.mag.
The cell exists in the search paths at /home/vsduser/Desktop/work/tools/openlane_working_dir/pdks/sky130A/libs.ref/sky130_fd_sc_hd/maglef/sky130_fd_sc_hd__dfxtp_1.mag.
The discovered version will be used.
Warning:  Parent cell lists instance of "sky130_fd_sc_hd__a2bb2oi_4" at bad file path /openLANE_flow/designs/picorv32a/runs/12-08_20-54/results/magic/sky130_fd_sc_hd__a2bb2oi_4.mag.
The cell exists in the search paths at /home/vsduser/Desktop/work/tools/openlane_working_dir/pdks/sky130A/libs.ref/sky130_fd_sc_hd/maglef/sky130_fd_sc_hd__a2bb2oi_4.mag.
The discovered version will be used.
Warning:  Parent cell lists instance of "sky130_fd_sc_hd__nor2_1" at bad file path /openLANE_flow/designs/picorv32a/runs/12-08_20-54/results/magic/sky130_fd_sc_hd__nor2_1.mag.
The cell exists in the search paths at /home/vsduser/Desktop/work/tools/openlane_working_dir/pdks/sky130A/libs.ref/sky130_fd_sc_hd/maglef/sky130_fd_sc_hd__nor2_1.mag.
The discovered version will be used.
Warning:  Parent cell lists instance of "sky130_fd_sc_hd__o21ai_4" at bad file path /openLANE_flow/designs/picorv32a/runs/12-08_20-54/results/magic/sky130_fd_sc_hd__o21ai_4.mag.
The cell exists in the search paths at /home/vsduser/Desktop/work/tools/openlane_working_dir/pdks/sky130A/libs.ref/sky130_fd_sc_hd/maglef/sky130_fd_sc_hd__o21ai_4.mag.
The discovered version will be used.
Warning:  Parent cell lists instance of "sky130_fd_sc_hd__o22ai_4" at bad file path /openLANE_flow/designs/picorv32a/runs/12-08_20-54/results/magic/sky130_fd_sc_hd__o22ai_4.mag.
The cell exists in the search paths at /home/vsduser/Desktop/work/tools/openlane_working_dir/pdks/sky130A/libs.ref/sky130_fd_sc_hd/maglef/sky130_fd_sc_hd__o22ai_4.mag.
The discovered version will be used.
Warning:  Parent cell lists instance of "sky130_fd_sc_hd__a21oi_4" at bad file path /openLANE_flow/designs/picorv32a/runs/12-08_20-54/results/magic/sky130_fd_sc_hd__a21oi_4.mag.
The cell exists in the search paths at /home/vsduser/Desktop/work/tools/openlane_working_dir/pdks/sky130A/libs.ref/sky130_fd_sc_hd/maglef/sky130_fd_sc_hd__a21oi_4.mag.
The discovered version will be used.
Warning:  Parent cell lists instance of "sky130_fd_sc_hd__o22a_4" at bad file path /openLANE_flow/designs/picorv32a/runs/12-08_20-54/results/magic/sky130_fd_sc_hd__o22a_4.mag.
The cell exists in the search paths at /home/vsduser/Desktop/work/tools/openlane_working_dir/pdks/sky130A/libs.ref/sky130_fd_sc_hd/maglef/sky130_fd_sc_hd__o22a_4.mag.
The discovered version will be used.
Warning:  Parent cell lists instance of "sky130_fd_sc_hd__a21oi_1" at bad file path /openLANE_flow/designs/picorv32a/runs/12-08_20-54/results/magic/sky130_fd_sc_hd__a21oi_1.mag.
The cell exists in the search paths at /home/vsduser/Desktop/work/tools/openlane_working_dir/pdks/sky130A/libs.ref/sky130_fd_sc_hd/maglef/sky130_fd_sc_hd__a21oi_1.mag.
The discovered version will be used.
Warning:  Parent cell lists instance of "sky130_fd_sc_hd__a31oi_4" at bad file path /openLANE_flow/designs/picorv32a/runs/12-08_20-54/results/magic/sky130_fd_sc_hd__a31oi_4.mag.
The cell exists in the search paths at /home/vsduser/Desktop/work/tools/openlane_working_dir/pdks/sky130A/libs.ref/sky130_fd_sc_hd/maglef/sky130_fd_sc_hd__a31oi_4.mag.
The discovered version will be used.
Warning:  Parent cell lists instance of "sky130_fd_sc_hd__nor2_4" at bad file path /openLANE_flow/designs/picorv32a/runs/12-08_20-54/results/magic/sky130_fd_sc_hd__nor2_4.mag.
The cell exists in the search paths at /home/vsduser/Desktop/work/tools/openlane_working_dir/pdks/sky130A/libs.ref/sky130_fd_sc_hd/maglef/sky130_fd_sc_hd__nor2_4.mag.
The discovered version will be used.
Warning:  Parent cell lists instance of "sky130_fd_sc_hd__nand2_2" at bad file path /openLANE_flow/designs/picorv32a/runs/12-08_20-54/results/magic/sky130_fd_sc_hd__nand2_2.mag.
The cell exists in the search paths at /home/vsduser/Desktop/work/tools/openlane_working_dir/pdks/sky130A/libs.ref/sky130_fd_sc_hd/maglef/sky130_fd_sc_hd__nand2_2.mag.
The discovered version will be used.
Warning:  Parent cell lists instance of "sky130_fd_sc_hd__nor2_8" at bad file path /openLANE_flow/designs/picorv32a/runs/12-08_20-54/results/magic/sky130_fd_sc_hd__nor2_8.mag.
The cell exists in the search paths at /home/vsduser/Desktop/work/tools/openlane_working_dir/pdks/sky130A/libs.ref/sky130_fd_sc_hd/maglef/sky130_fd_sc_hd__nor2_8.mag.
The discovered version will be used.
Warning:  Parent cell lists instance of "sky130_fd_sc_hd__a31o_1" at bad file path /openLANE_flow/designs/picorv32a/runs/12-08_20-54/results/magic/sky130_fd_sc_hd__a31o_1.mag.
The cell exists in the search paths at /home/vsduser/Desktop/work/tools/openlane_working_dir/pdks/sky130A/libs.ref/sky130_fd_sc_hd/maglef/sky130_fd_sc_hd__a31o_1.mag.
The discovered version will be used.
Warning:  Parent cell lists instance of "sky130_fd_sc_hd__and4_1" at bad file path /openLANE_flow/designs/picorv32a/runs/12-08_20-54/results/magic/sky130_fd_sc_hd__and4_1.mag.
The cell exists in the search paths at /home/vsduser/Desktop/work/tools/openlane_working_dir/pdks/sky130A/libs.ref/sky130_fd_sc_hd/maglef/sky130_fd_sc_hd__and4_1.mag.
The discovered version will be used.
Warning:  Parent cell lists instance of "sky130_fd_sc_hd__or4_4" at bad file path /openLANE_flow/designs/picorv32a/runs/12-08_20-54/results/magic/sky130_fd_sc_hd__or4_4.mag.
The cell exists in the search paths at /home/vsduser/Desktop/work/tools/openlane_working_dir/pdks/sky130A/libs.ref/sky130_fd_sc_hd/maglef/sky130_fd_sc_hd__or4_4.mag.
The discovered version will be used.
Warning:  Parent cell lists instance of "sky130_fd_sc_hd__or2_4" at bad file path /openLANE_flow/designs/picorv32a/runs/12-08_20-54/results/magic/sky130_fd_sc_hd__or2_4.mag.
The cell exists in the search paths at /home/vsduser/Desktop/work/tools/openlane_working_dir/pdks/sky130A/libs.ref/sky130_fd_sc_hd/maglef/sky130_fd_sc_hd__or2_4.mag.
The discovered version will be used.
Warning:  Parent cell lists instance of "sky130_fd_sc_hd__and4_2" at bad file path /openLANE_flow/designs/picorv32a/runs/12-08_20-54/results/magic/sky130_fd_sc_hd__and4_2.mag.
The cell exists in the search paths at /home/vsduser/Desktop/work/tools/openlane_working_dir/pdks/sky130A/libs.ref/sky130_fd_sc_hd/maglef/sky130_fd_sc_hd__and4_2.mag.
The discovered version will be used.
Warning:  Parent cell lists instance of "sky130_fd_sc_hd__a21boi_4" at bad file path /openLANE_flow/designs/picorv32a/runs/12-08_20-54/results/magic/sky130_fd_sc_hd__a21boi_4.mag.
The cell exists in the search paths at /home/vsduser/Desktop/work/tools/openlane_working_dir/pdks/sky130A/libs.ref/sky130_fd_sc_hd/maglef/sky130_fd_sc_hd__a21boi_4.mag.
The discovered version will be used.
Warning:  Parent cell lists instance of "sky130_fd_sc_hd__a22o_2" at bad file path /openLANE_flow/designs/picorv32a/runs/12-08_20-54/results/magic/sky130_fd_sc_hd__a22o_2.mag.
The cell exists in the search paths at /home/vsduser/Desktop/work/tools/openlane_working_dir/pdks/sky130A/libs.ref/sky130_fd_sc_hd/maglef/sky130_fd_sc_hd__a22o_2.mag.
The discovered version will be used.
Warning:  Parent cell lists instance of "sky130_fd_sc_hd__a2bb2o_4" at bad file path /openLANE_flow/designs/picorv32a/runs/12-08_20-54/results/magic/sky130_fd_sc_hd__a2bb2o_4.mag.
The cell exists in the search paths at /home/vsduser/Desktop/work/tools/openlane_working_dir/pdks/sky130A/libs.ref/sky130_fd_sc_hd/maglef/sky130_fd_sc_hd__a2bb2o_4.mag.
The discovered version will be used.
Warning:  Parent cell lists instance of "sky130_fd_sc_hd__a2bb2oi_2" at bad file path /openLANE_flow/designs/picorv32a/runs/12-08_20-54/results/magic/sky130_fd_sc_hd__a2bb2oi_2.mag.
The cell exists in the search paths at /home/vsduser/Desktop/work/tools/openlane_working_dir/pdks/sky130A/libs.ref/sky130_fd_sc_hd/maglef/sky130_fd_sc_hd__a2bb2oi_2.mag.
The discovered version will be used.
Warning:  Parent cell lists instance of "sky130_fd_sc_hd__o2bb2ai_2" at bad file path /openLANE_flow/designs/picorv32a/runs/12-08_20-54/results/magic/sky130_fd_sc_hd__o2bb2ai_2.mag.
The cell exists in the search paths at /home/vsduser/Desktop/work/tools/openlane_working_dir/pdks/sky130A/libs.ref/sky130_fd_sc_hd/maglef/sky130_fd_sc_hd__o2bb2ai_2.mag.
The discovered version will be used.
Warning:  Parent cell lists instance of "sky130_fd_sc_hd__or2b_2" at bad file path /openLANE_flow/designs/picorv32a/runs/12-08_20-54/results/magic/sky130_fd_sc_hd__or2b_2.mag.
The cell exists in the search paths at /home/vsduser/Desktop/work/tools/openlane_working_dir/pdks/sky130A/libs.ref/sky130_fd_sc_hd/maglef/sky130_fd_sc_hd__or2b_2.mag.
The discovered version will be used.
Warning:  Parent cell lists instance of "sky130_fd_sc_hd__o211a_1" at bad file path /openLANE_flow/designs/picorv32a/runs/12-08_20-54/results/magic/sky130_fd_sc_hd__o211a_1.mag.
The cell exists in the search paths at /home/vsduser/Desktop/work/tools/openlane_working_dir/pdks/sky130A/libs.ref/sky130_fd_sc_hd/maglef/sky130_fd_sc_hd__o211a_1.mag.
The discovered version will be used.
Warning:  Parent cell lists instance of "sky130_fd_sc_hd__a211oi_1" at bad file path /openLANE_flow/designs/picorv32a/runs/12-08_20-54/results/magic/sky130_fd_sc_hd__a211oi_1.mag.
The cell exists in the search paths at /home/vsduser/Desktop/work/tools/openlane_working_dir/pdks/sky130A/libs.ref/sky130_fd_sc_hd/maglef/sky130_fd_sc_hd__a211oi_1.mag.
The discovered version will be used.
Warning:  Parent cell lists instance of "sky130_fd_sc_hd__a211oi_2" at bad file path /openLANE_flow/designs/picorv32a/runs/12-08_20-54/results/magic/sky130_fd_sc_hd__a211oi_2.mag.
The cell exists in the search paths at /home/vsduser/Desktop/work/tools/openlane_working_dir/pdks/sky130A/libs.ref/sky130_fd_sc_hd/maglef/sky130_fd_sc_hd__a211oi_2.mag.
The discovered version will be used.
Warning:  Parent cell lists instance of "sky130_fd_sc_hd__and4_4" at bad file path /openLANE_flow/designs/picorv32a/runs/12-08_20-54/results/magic/sky130_fd_sc_hd__and4_4.mag.
The cell exists in the search paths at /home/vsduser/Desktop/work/tools/openlane_working_dir/pdks/sky130A/libs.ref/sky130_fd_sc_hd/maglef/sky130_fd_sc_hd__and4_4.mag.
The discovered version will be used.
Warning:  Parent cell lists instance of "sky130_fd_sc_hd__inv_2" at bad file path /openLANE_flow/designs/picorv32a/runs/12-08_20-54/results/magic/sky130_fd_sc_hd__inv_2.mag.
The cell exists in the search paths at /home/vsduser/Desktop/work/tools/openlane_working_dir/pdks/sky130A/libs.ref/sky130_fd_sc_hd/maglef/sky130_fd_sc_hd__inv_2.mag.
The discovered version will be used.
Warning:  Parent cell lists instance of "sky130_fd_sc_hd__mux2_2" at bad file path /openLANE_flow/designs/picorv32a/runs/12-08_20-54/results/magic/sky130_fd_sc_hd__mux2_2.mag.
The cell exists in the search paths at /home/vsduser/Desktop/work/tools/openlane_working_dir/pdks/sky130A/libs.ref/sky130_fd_sc_hd/maglef/sky130_fd_sc_hd__mux2_2.mag.
The discovered version will be used.
Warning:  Parent cell lists instance of "sky130_fd_sc_hd__or4bb_4" at bad file path /openLANE_flow/designs/picorv32a/runs/12-08_20-54/results/magic/sky130_fd_sc_hd__or4bb_4.mag.
The cell exists in the search paths at /home/vsduser/Desktop/work/tools/openlane_working_dir/pdks/sky130A/libs.ref/sky130_fd_sc_hd/maglef/sky130_fd_sc_hd__or4bb_4.mag.
The discovered version will be used.
Warning:  Parent cell lists instance of "sky130_fd_sc_hd__or4b_4" at bad file path /openLANE_flow/designs/picorv32a/runs/12-08_20-54/results/magic/sky130_fd_sc_hd__or4b_4.mag.
The cell exists in the search paths at /home/vsduser/Desktop/work/tools/openlane_working_dir/pdks/sky130A/libs.ref/sky130_fd_sc_hd/maglef/sky130_fd_sc_hd__or4b_4.mag.
The discovered version will be used.
Warning:  Parent cell lists instance of "sky130_fd_sc_hd__nor3_2" at bad file path /openLANE_flow/designs/picorv32a/runs/12-08_20-54/results/magic/sky130_fd_sc_hd__nor3_2.mag.
The cell exists in the search paths at /home/vsduser/Desktop/work/tools/openlane_working_dir/pdks/sky130A/libs.ref/sky130_fd_sc_hd/maglef/sky130_fd_sc_hd__nor3_2.mag.
The discovered version will be used.
Warning:  Parent cell lists instance of "sky130_fd_sc_hd__o221a_4" at bad file path /openLANE_flow/designs/picorv32a/runs/12-08_20-54/results/magic/sky130_fd_sc_hd__o221a_4.mag.
The cell exists in the search paths at /home/vsduser/Desktop/work/tools/openlane_working_dir/pdks/sky130A/libs.ref/sky130_fd_sc_hd/maglef/sky130_fd_sc_hd__o221a_4.mag.
The discovered version will be used.
Warning:  Parent cell lists instance of "sky130_fd_sc_hd__a221o_1" at bad file path /openLANE_flow/designs/picorv32a/runs/12-08_20-54/results/magic/sky130_fd_sc_hd__a221o_1.mag.
The cell exists in the search paths at /home/vsduser/Desktop/work/tools/openlane_working_dir/pdks/sky130A/libs.ref/sky130_fd_sc_hd/maglef/sky130_fd_sc_hd__a221o_1.mag.
The discovered version will be used.
Warning:  Parent cell lists instance of "sky130_fd_sc_hd__mux2_1" at bad file path /openLANE_flow/designs/picorv32a/runs/12-08_20-54/results/magic/sky130_fd_sc_hd__mux2_1.mag.
The cell exists in the search paths at /home/vsduser/Desktop/work/tools/openlane_working_dir/pdks/sky130A/libs.ref/sky130_fd_sc_hd/maglef/sky130_fd_sc_hd__mux2_1.mag.
The discovered version will be used.
Warning:  Parent cell lists instance of "sky130_fd_sc_hd__a21o_1" at bad file path /openLANE_flow/designs/picorv32a/runs/12-08_20-54/results/magic/sky130_fd_sc_hd__a21o_1.mag.
The cell exists in the search paths at /home/vsduser/Desktop/work/tools/openlane_working_dir/pdks/sky130A/libs.ref/sky130_fd_sc_hd/maglef/sky130_fd_sc_hd__a21o_1.mag.
The discovered version will be used.
Warning:  Parent cell lists instance of "sky130_fd_sc_hd__or3_2" at bad file path /openLANE_flow/designs/picorv32a/runs/12-08_20-54/results/magic/sky130_fd_sc_hd__or3_2.mag.
The cell exists in the search paths at /home/vsduser/Desktop/work/tools/openlane_working_dir/pdks/sky130A/libs.ref/sky130_fd_sc_hd/maglef/sky130_fd_sc_hd__or3_2.mag.
The discovered version will be used.
Warning:  Parent cell lists instance of "sky130_fd_sc_hd__o311a_1" at bad file path /openLANE_flow/designs/picorv32a/runs/12-08_20-54/results/magic/sky130_fd_sc_hd__o311a_1.mag.
The cell exists in the search paths at /home/vsduser/Desktop/work/tools/openlane_working_dir/pdks/sky130A/libs.ref/sky130_fd_sc_hd/maglef/sky130_fd_sc_hd__o311a_1.mag.
The discovered version will be used.
Warning:  Parent cell lists instance of "sky130_fd_sc_hd__nor3_1" at bad file path /openLANE_flow/designs/picorv32a/runs/12-08_20-54/results/magic/sky130_fd_sc_hd__nor3_1.mag.
The cell exists in the search paths at /home/vsduser/Desktop/work/tools/openlane_working_dir/pdks/sky130A/libs.ref/sky130_fd_sc_hd/maglef/sky130_fd_sc_hd__nor3_1.mag.
The discovered version will be used.
Warning:  Parent cell lists instance of "sky130_fd_sc_hd__mux2_8" at bad file path /openLANE_flow/designs/picorv32a/runs/12-08_20-54/results/magic/sky130_fd_sc_hd__mux2_8.mag.
The cell exists in the search paths at /home/vsduser/Desktop/work/tools/openlane_working_dir/pdks/sky130A/libs.ref/sky130_fd_sc_hd/maglef/sky130_fd_sc_hd__mux2_8.mag.
The discovered version will be used.
Warning:  Parent cell lists instance of "sky130_fd_sc_hd__nor3_4" at bad file path /openLANE_flow/designs/picorv32a/runs/12-08_20-54/results/magic/sky130_fd_sc_hd__nor3_4.mag.
The cell exists in the search paths at /home/vsduser/Desktop/work/tools/openlane_working_dir/pdks/sky130A/libs.ref/sky130_fd_sc_hd/maglef/sky130_fd_sc_hd__nor3_4.mag.
The discovered version will be used.
Warning:  Parent cell lists instance of "sky130_fd_sc_hd__and3_4" at bad file path /openLANE_flow/designs/picorv32a/runs/12-08_20-54/results/magic/sky130_fd_sc_hd__and3_4.mag.
The cell exists in the search paths at /home/vsduser/Desktop/work/tools/openlane_working_dir/pdks/sky130A/libs.ref/sky130_fd_sc_hd/maglef/sky130_fd_sc_hd__and3_4.mag.
The discovered version will be used.
Warning:  Parent cell lists instance of "sky130_fd_sc_hd__or3b_1" at bad file path /openLANE_flow/designs/picorv32a/runs/12-08_20-54/results/magic/sky130_fd_sc_hd__or3b_1.mag.
The cell exists in the search paths at /home/vsduser/Desktop/work/tools/openlane_working_dir/pdks/sky130A/libs.ref/sky130_fd_sc_hd/maglef/sky130_fd_sc_hd__or3b_1.mag.
The discovered version will be used.
Warning:  Parent cell lists instance of "sky130_fd_sc_hd__a31oi_2" at bad file path /openLANE_flow/designs/picorv32a/runs/12-08_20-54/results/magic/sky130_fd_sc_hd__a31oi_2.mag.
The cell exists in the search paths at /home/vsduser/Desktop/work/tools/openlane_working_dir/pdks/sky130A/libs.ref/sky130_fd_sc_hd/maglef/sky130_fd_sc_hd__a31oi_2.mag.
The discovered version will be used.
Warning:  Parent cell lists instance of "sky130_fd_sc_hd__o21a_4" at bad file path /openLANE_flow/designs/picorv32a/runs/12-08_20-54/results/magic/sky130_fd_sc_hd__o21a_4.mag.
The cell exists in the search paths at /home/vsduser/Desktop/work/tools/openlane_working_dir/pdks/sky130A/libs.ref/sky130_fd_sc_hd/maglef/sky130_fd_sc_hd__o21a_4.mag.
The discovered version will be used.
Warning:  Parent cell lists instance of "sky130_fd_sc_hd__mux2_4" at bad file path /openLANE_flow/designs/picorv32a/runs/12-08_20-54/results/magic/sky130_fd_sc_hd__mux2_4.mag.
The cell exists in the search paths at /home/vsduser/Desktop/work/tools/openlane_working_dir/pdks/sky130A/libs.ref/sky130_fd_sc_hd/maglef/sky130_fd_sc_hd__mux2_4.mag.
The discovered version will be used.
Warning:  Parent cell lists instance of "sky130_fd_sc_hd__a211oi_4" at bad file path /openLANE_flow/designs/picorv32a/runs/12-08_20-54/results/magic/sky130_fd_sc_hd__a211oi_4.mag.
The cell exists in the search paths at /home/vsduser/Desktop/work/tools/openlane_working_dir/pdks/sky130A/libs.ref/sky130_fd_sc_hd/maglef/sky130_fd_sc_hd__a211oi_4.mag.
The discovered version will be used.
Warning:  Parent cell lists instance of "sky130_fd_sc_hd__or3b_4" at bad file path /openLANE_flow/designs/picorv32a/runs/12-08_20-54/results/magic/sky130_fd_sc_hd__or3b_4.mag.
The cell exists in the search paths at /home/vsduser/Desktop/work/tools/openlane_working_dir/pdks/sky130A/libs.ref/sky130_fd_sc_hd/maglef/sky130_fd_sc_hd__or3b_4.mag.
The discovered version will be used.
Warning:  Parent cell lists instance of "sky130_fd_sc_hd__a311o_4" at bad file path /openLANE_flow/designs/picorv32a/runs/12-08_20-54/results/magic/sky130_fd_sc_hd__a311o_4.mag.
The cell exists in the search paths at /home/vsduser/Desktop/work/tools/openlane_working_dir/pdks/sky130A/libs.ref/sky130_fd_sc_hd/maglef/sky130_fd_sc_hd__a311o_4.mag.
The discovered version will be used.
Warning:  Parent cell lists instance of "sky130_fd_sc_hd__nor2b_2" at bad file path /openLANE_flow/designs/picorv32a/runs/12-08_20-54/results/magic/sky130_fd_sc_hd__nor2b_2.mag.
The cell exists in the search paths at /home/vsduser/Desktop/work/tools/openlane_working_dir/pdks/sky130A/libs.ref/sky130_fd_sc_hd/maglef/sky130_fd_sc_hd__nor2b_2.mag.
The discovered version will be used.
Warning:  Parent cell lists instance of "sky130_fd_sc_hd__a21boi_1" at bad file path /openLANE_flow/designs/picorv32a/runs/12-08_20-54/results/magic/sky130_fd_sc_hd__a21boi_1.mag.
The cell exists in the search paths at /home/vsduser/Desktop/work/tools/openlane_working_dir/pdks/sky130A/libs.ref/sky130_fd_sc_hd/maglef/sky130_fd_sc_hd__a21boi_1.mag.
The discovered version will be used.
Warning:  Parent cell lists instance of "sky130_fd_sc_hd__a21boi_2" at bad file path /openLANE_flow/designs/picorv32a/runs/12-08_20-54/results/magic/sky130_fd_sc_hd__a21boi_2.mag.
The cell exists in the search paths at /home/vsduser/Desktop/work/tools/openlane_working_dir/pdks/sky130A/libs.ref/sky130_fd_sc_hd/maglef/sky130_fd_sc_hd__a21boi_2.mag.
The discovered version will be used.
Warning:  Parent cell lists instance of "sky130_fd_sc_hd__a311o_1" at bad file path /openLANE_flow/designs/picorv32a/runs/12-08_20-54/results/magic/sky130_fd_sc_hd__a311o_1.mag.
The cell exists in the search paths at /home/vsduser/Desktop/work/tools/openlane_working_dir/pdks/sky130A/libs.ref/sky130_fd_sc_hd/maglef/sky130_fd_sc_hd__a311o_1.mag.
The discovered version will be used.
Warning:  Parent cell lists instance of "sky130_fd_sc_hd__o221ai_1" at bad file path /openLANE_flow/designs/picorv32a/runs/12-08_20-54/results/magic/sky130_fd_sc_hd__o221ai_1.mag.
The cell exists in the search paths at /home/vsduser/Desktop/work/tools/openlane_working_dir/pdks/sky130A/libs.ref/sky130_fd_sc_hd/maglef/sky130_fd_sc_hd__o221ai_1.mag.
The discovered version will be used.
Warning:  Parent cell lists instance of "sky130_fd_sc_hd__nor4_2" at bad file path /openLANE_flow/designs/picorv32a/runs/12-08_20-54/results/magic/sky130_fd_sc_hd__nor4_2.mag.
The cell exists in the search paths at /home/vsduser/Desktop/work/tools/openlane_working_dir/pdks/sky130A/libs.ref/sky130_fd_sc_hd/maglef/sky130_fd_sc_hd__nor4_2.mag.
The discovered version will be used.
Warning:  Parent cell lists instance of "sky130_fd_sc_hd__a31oi_1" at bad file path /openLANE_flow/designs/picorv32a/runs/12-08_20-54/results/magic/sky130_fd_sc_hd__a31oi_1.mag.
The cell exists in the search paths at /home/vsduser/Desktop/work/tools/openlane_working_dir/pdks/sky130A/libs.ref/sky130_fd_sc_hd/maglef/sky130_fd_sc_hd__a31oi_1.mag.
The discovered version will be used.
Warning:  Parent cell lists instance of "sky130_fd_sc_hd__a211o_1" at bad file path /openLANE_flow/designs/picorv32a/runs/12-08_20-54/results/magic/sky130_fd_sc_hd__a211o_1.mag.
The cell exists in the search paths at /home/vsduser/Desktop/work/tools/openlane_working_dir/pdks/sky130A/libs.ref/sky130_fd_sc_hd/maglef/sky130_fd_sc_hd__a211o_1.mag.
The discovered version will be used.
Warning:  Parent cell lists instance of "sky130_fd_sc_hd__o21bai_1" at bad file path /openLANE_flow/designs/picorv32a/runs/12-08_20-54/results/magic/sky130_fd_sc_hd__o21bai_1.mag.
The cell exists in the search paths at /home/vsduser/Desktop/work/tools/openlane_working_dir/pdks/sky130A/libs.ref/sky130_fd_sc_hd/maglef/sky130_fd_sc_hd__o21bai_1.mag.
The discovered version will be used.
Warning:  Parent cell lists instance of "sky130_fd_sc_hd__o211a_4" at bad file path /openLANE_flow/designs/picorv32a/runs/12-08_20-54/results/magic/sky130_fd_sc_hd__o211a_4.mag.
The cell exists in the search paths at /home/vsduser/Desktop/work/tools/openlane_working_dir/pdks/sky130A/libs.ref/sky130_fd_sc_hd/maglef/sky130_fd_sc_hd__o211a_4.mag.
The discovered version will be used.
Warning:  Parent cell lists instance of "sky130_fd_sc_hd__inv_16" at bad file path /openLANE_flow/designs/picorv32a/runs/12-08_20-54/results/magic/sky130_fd_sc_hd__inv_16.mag.
The cell exists in the search paths at /home/vsduser/Desktop/work/tools/openlane_working_dir/pdks/sky130A/libs.ref/sky130_fd_sc_hd/maglef/sky130_fd_sc_hd__inv_16.mag.
The discovered version will be used.
Warning:  Parent cell lists instance of "sky130_fd_sc_hd__and3_2" at bad file path /openLANE_flow/designs/picorv32a/runs/12-08_20-54/results/magic/sky130_fd_sc_hd__and3_2.mag.
The cell exists in the search paths at /home/vsduser/Desktop/work/tools/openlane_working_dir/pdks/sky130A/libs.ref/sky130_fd_sc_hd/maglef/sky130_fd_sc_hd__and3_2.mag.
The discovered version will be used.
Warning:  Parent cell lists instance of "sky130_fd_sc_hd__o211a_2" at bad file path /openLANE_flow/designs/picorv32a/runs/12-08_20-54/results/magic/sky130_fd_sc_hd__o211a_2.mag.
The cell exists in the search paths at /home/vsduser/Desktop/work/tools/openlane_working_dir/pdks/sky130A/libs.ref/sky130_fd_sc_hd/maglef/sky130_fd_sc_hd__o211a_2.mag.
The discovered version will be used.
Warning:  Parent cell lists instance of "sky130_fd_sc_hd__nand2_8" at bad file path /openLANE_flow/designs/picorv32a/runs/12-08_20-54/results/magic/sky130_fd_sc_hd__nand2_8.mag.
The cell exists in the search paths at /home/vsduser/Desktop/work/tools/openlane_working_dir/pdks/sky130A/libs.ref/sky130_fd_sc_hd/maglef/sky130_fd_sc_hd__nand2_8.mag.
The discovered version will be used.
Warning:  Parent cell lists instance of "sky130_fd_sc_hd__a41o_1" at bad file path /openLANE_flow/designs/picorv32a/runs/12-08_20-54/results/magic/sky130_fd_sc_hd__a41o_1.mag.
The cell exists in the search paths at /home/vsduser/Desktop/work/tools/openlane_working_dir/pdks/sky130A/libs.ref/sky130_fd_sc_hd/maglef/sky130_fd_sc_hd__a41o_1.mag.
The discovered version will be used.
Warning:  Parent cell lists instance of "sky130_fd_sc_hd__a211o_4" at bad file path /openLANE_flow/designs/picorv32a/runs/12-08_20-54/results/magic/sky130_fd_sc_hd__a211o_4.mag.
The cell exists in the search paths at /home/vsduser/Desktop/work/tools/openlane_working_dir/pdks/sky130A/libs.ref/sky130_fd_sc_hd/maglef/sky130_fd_sc_hd__a211o_4.mag.
The discovered version will be used.
Warning:  Parent cell lists instance of "sky130_fd_sc_hd__a221o_2" at bad file path /openLANE_flow/designs/picorv32a/runs/12-08_20-54/results/magic/sky130_fd_sc_hd__a221o_2.mag.
The cell exists in the search paths at /home/vsduser/Desktop/work/tools/openlane_working_dir/pdks/sky130A/libs.ref/sky130_fd_sc_hd/maglef/sky130_fd_sc_hd__a221o_2.mag.
The discovered version will be used.
Warning:  Parent cell lists instance of "sky130_fd_sc_hd__o211ai_2" at bad file path /openLANE_flow/designs/picorv32a/runs/12-08_20-54/results/magic/sky130_fd_sc_hd__o211ai_2.mag.
The cell exists in the search paths at /home/vsduser/Desktop/work/tools/openlane_working_dir/pdks/sky130A/libs.ref/sky130_fd_sc_hd/maglef/sky130_fd_sc_hd__o211ai_2.mag.
The discovered version will be used.
Warning:  Parent cell lists instance of "sky130_fd_sc_hd__and2_4" at bad file path /openLANE_flow/designs/picorv32a/runs/12-08_20-54/results/magic/sky130_fd_sc_hd__and2_4.mag.
The cell exists in the search paths at /home/vsduser/Desktop/work/tools/openlane_working_dir/pdks/sky130A/libs.ref/sky130_fd_sc_hd/maglef/sky130_fd_sc_hd__and2_4.mag.
The discovered version will be used.
Warning:  Parent cell lists instance of "sky130_fd_sc_hd__o211ai_4" at bad file path /openLANE_flow/designs/picorv32a/runs/12-08_20-54/results/magic/sky130_fd_sc_hd__o211ai_4.mag.
The cell exists in the search paths at /home/vsduser/Desktop/work/tools/openlane_working_dir/pdks/sky130A/libs.ref/sky130_fd_sc_hd/maglef/sky130_fd_sc_hd__o211ai_4.mag.
The discovered version will be used.
Warning:  Parent cell lists instance of "sky130_fd_sc_hd__o211ai_1" at bad file path /openLANE_flow/designs/picorv32a/runs/12-08_20-54/results/magic/sky130_fd_sc_hd__o211ai_1.mag.
The cell exists in the search paths at /home/vsduser/Desktop/work/tools/openlane_working_dir/pdks/sky130A/libs.ref/sky130_fd_sc_hd/maglef/sky130_fd_sc_hd__o211ai_1.mag.
The discovered version will be used.
Warning:  Parent cell lists instance of "sky130_fd_sc_hd__o31ai_4" at bad file path /openLANE_flow/designs/picorv32a/runs/12-08_20-54/results/magic/sky130_fd_sc_hd__o31ai_4.mag.
The cell exists in the search paths at /home/vsduser/Desktop/work/tools/openlane_working_dir/pdks/sky130A/libs.ref/sky130_fd_sc_hd/maglef/sky130_fd_sc_hd__o31ai_4.mag.
The discovered version will be used.
Warning:  Parent cell lists instance of "sky130_fd_sc_hd__a2111o_1" at bad file path /openLANE_flow/designs/picorv32a/runs/12-08_20-54/results/magic/sky130_fd_sc_hd__a2111o_1.mag.
The cell exists in the search paths at /home/vsduser/Desktop/work/tools/openlane_working_dir/pdks/sky130A/libs.ref/sky130_fd_sc_hd/maglef/sky130_fd_sc_hd__a2111o_1.mag.
The discovered version will be used.
Warning:  Parent cell lists instance of "sky130_fd_sc_hd__o2111a_1" at bad file path /openLANE_flow/designs/picorv32a/runs/12-08_20-54/results/magic/sky130_fd_sc_hd__o2111a_1.mag.
The cell exists in the search paths at /home/vsduser/Desktop/work/tools/openlane_working_dir/pdks/sky130A/libs.ref/sky130_fd_sc_hd/maglef/sky130_fd_sc_hd__o2111a_1.mag.
The discovered version will be used.
Warning:  Parent cell lists instance of "sky130_fd_sc_hd__o221ai_4" at bad file path /openLANE_flow/designs/picorv32a/runs/12-08_20-54/results/magic/sky130_fd_sc_hd__o221ai_4.mag.
The cell exists in the search paths at /home/vsduser/Desktop/work/tools/openlane_working_dir/pdks/sky130A/libs.ref/sky130_fd_sc_hd/maglef/sky130_fd_sc_hd__o221ai_4.mag.
The discovered version will be used.
Warning:  Parent cell lists instance of "sky130_fd_sc_hd__and4b_4" at bad file path /openLANE_flow/designs/picorv32a/runs/12-08_20-54/results/magic/sky130_fd_sc_hd__and4b_4.mag.
The cell exists in the search paths at /home/vsduser/Desktop/work/tools/openlane_working_dir/pdks/sky130A/libs.ref/sky130_fd_sc_hd/maglef/sky130_fd_sc_hd__and4b_4.mag.
The discovered version will be used.
Warning:  Parent cell lists instance of "sky130_fd_sc_hd__o41a_1" at bad file path /openLANE_flow/designs/picorv32a/runs/12-08_20-54/results/magic/sky130_fd_sc_hd__o41a_1.mag.
The cell exists in the search paths at /home/vsduser/Desktop/work/tools/openlane_working_dir/pdks/sky130A/libs.ref/sky130_fd_sc_hd/maglef/sky130_fd_sc_hd__o41a_1.mag.
The discovered version will be used.
Warning:  Parent cell lists instance of "sky130_fd_sc_hd__o22ai_2" at bad file path /openLANE_flow/designs/picorv32a/runs/12-08_20-54/results/magic/sky130_fd_sc_hd__o22ai_2.mag.
The cell exists in the search paths at /home/vsduser/Desktop/work/tools/openlane_working_dir/pdks/sky130A/libs.ref/sky130_fd_sc_hd/maglef/sky130_fd_sc_hd__o22ai_2.mag.
The discovered version will be used.
Warning:  Parent cell lists instance of "sky130_fd_sc_hd__or3b_2" at bad file path /openLANE_flow/designs/picorv32a/runs/12-08_20-54/results/magic/sky130_fd_sc_hd__or3b_2.mag.
The cell exists in the search paths at /home/vsduser/Desktop/work/tools/openlane_working_dir/pdks/sky130A/libs.ref/sky130_fd_sc_hd/maglef/sky130_fd_sc_hd__or3b_2.mag.
The discovered version will be used.
Warning:  Parent cell lists instance of "sky130_fd_sc_hd__mux4_1" at bad file path /openLANE_flow/designs/picorv32a/runs/12-08_20-54/results/magic/sky130_fd_sc_hd__mux4_1.mag.
The cell exists in the search paths at /home/vsduser/Desktop/work/tools/openlane_working_dir/pdks/sky130A/libs.ref/sky130_fd_sc_hd/maglef/sky130_fd_sc_hd__mux4_1.mag.
The discovered version will be used.
Warning:  Parent cell lists instance of "sky130_fd_sc_hd__buf_12" at bad file path /openLANE_flow/designs/picorv32a/runs/12-08_20-54/results/magic/sky130_fd_sc_hd__buf_12.mag.
The cell exists in the search paths at /home/vsduser/Desktop/work/tools/openlane_working_dir/pdks/sky130A/libs.ref/sky130_fd_sc_hd/maglef/sky130_fd_sc_hd__buf_12.mag.
The discovered version will be used.
Warning:  Parent cell lists instance of "sky130_fd_sc_hd__clkinv_16" at bad file path /openLANE_flow/designs/picorv32a/runs/12-08_20-54/results/magic/sky130_fd_sc_hd__clkinv_16.mag.
The cell exists in the search paths at /home/vsduser/Desktop/work/tools/openlane_working_dir/pdks/sky130A/libs.ref/sky130_fd_sc_hd/maglef/sky130_fd_sc_hd__clkinv_16.mag.
The discovered version will be used.
Warning:  Parent cell lists instance of "sky130_fd_sc_hd__o2bb2a_2" at bad file path /openLANE_flow/designs/picorv32a/runs/12-08_20-54/results/magic/sky130_fd_sc_hd__o2bb2a_2.mag.
The cell exists in the search paths at /home/vsduser/Desktop/work/tools/openlane_working_dir/pdks/sky130A/libs.ref/sky130_fd_sc_hd/maglef/sky130_fd_sc_hd__o2bb2a_2.mag.
The discovered version will be used.
Warning:  Parent cell lists instance of "sky130_fd_sc_hd__mux4_2" at bad file path /openLANE_flow/designs/picorv32a/runs/12-08_20-54/results/magic/sky130_fd_sc_hd__mux4_2.mag.
The cell exists in the search paths at /home/vsduser/Desktop/work/tools/openlane_working_dir/pdks/sky130A/libs.ref/sky130_fd_sc_hd/maglef/sky130_fd_sc_hd__mux4_2.mag.
The discovered version will be used.
Warning:  Parent cell lists instance of "sky130_fd_sc_hd__or4_1" at bad file path /openLANE_flow/designs/picorv32a/runs/12-08_20-54/results/magic/sky130_fd_sc_hd__or4_1.mag.
The cell exists in the search paths at /home/vsduser/Desktop/work/tools/openlane_working_dir/pdks/sky130A/libs.ref/sky130_fd_sc_hd/maglef/sky130_fd_sc_hd__or4_1.mag.
The discovered version will be used.
Warning:  Parent cell lists instance of "sky130_fd_sc_hd__o311a_4" at bad file path /openLANE_flow/designs/picorv32a/runs/12-08_20-54/results/magic/sky130_fd_sc_hd__o311a_4.mag.
The cell exists in the search paths at /home/vsduser/Desktop/work/tools/openlane_working_dir/pdks/sky130A/libs.ref/sky130_fd_sc_hd/maglef/sky130_fd_sc_hd__o311a_4.mag.
The discovered version will be used.
Warning:  Parent cell lists instance of "sky130_fd_sc_hd__o221ai_2" at bad file path /openLANE_flow/designs/picorv32a/runs/12-08_20-54/results/magic/sky130_fd_sc_hd__o221ai_2.mag.
The cell exists in the search paths at /home/vsduser/Desktop/work/tools/openlane_working_dir/pdks/sky130A/libs.ref/sky130_fd_sc_hd/maglef/sky130_fd_sc_hd__o221ai_2.mag.
The discovered version will be used.
Warning:  Parent cell lists instance of "sky130_fd_sc_hd__a221o_4" at bad file path /openLANE_flow/designs/picorv32a/runs/12-08_20-54/results/magic/sky130_fd_sc_hd__a221o_4.mag.
The cell exists in the search paths at /home/vsduser/Desktop/work/tools/openlane_working_dir/pdks/sky130A/libs.ref/sky130_fd_sc_hd/maglef/sky130_fd_sc_hd__a221o_4.mag.
The discovered version will be used.
Warning:  Parent cell lists instance of "sky130_fd_sc_hd__a32o_4" at bad file path /openLANE_flow/designs/picorv32a/runs/12-08_20-54/results/magic/sky130_fd_sc_hd__a32o_4.mag.
The cell exists in the search paths at /home/vsduser/Desktop/work/tools/openlane_working_dir/pdks/sky130A/libs.ref/sky130_fd_sc_hd/maglef/sky130_fd_sc_hd__a32o_4.mag.
The discovered version will be used.
Warning:  Parent cell lists instance of "sky130_fd_sc_hd__and2_2" at bad file path /openLANE_flow/designs/picorv32a/runs/12-08_20-54/results/magic/sky130_fd_sc_hd__and2_2.mag.
The cell exists in the search paths at /home/vsduser/Desktop/work/tools/openlane_working_dir/pdks/sky130A/libs.ref/sky130_fd_sc_hd/maglef/sky130_fd_sc_hd__and2_2.mag.
The discovered version will be used.
Warning:  Parent cell lists instance of "sky130_fd_sc_hd__clkinv_8" at bad file path /openLANE_flow/designs/picorv32a/runs/12-08_20-54/results/magic/sky130_fd_sc_hd__clkinv_8.mag.
The cell exists in the search paths at /home/vsduser/Desktop/work/tools/openlane_working_dir/pdks/sky130A/libs.ref/sky130_fd_sc_hd/maglef/sky130_fd_sc_hd__clkinv_8.mag.
The discovered version will be used.
Diagnostic:  Scale value is 0.005000
Processing timestamp mismatches: sky130_fd_sc_hd__clkinv_8, sky130_fd_sc_hd__and2_2, sky130_fd_sc_hd__a32o_4, sky130_fd_sc_hd__a221o_4, sky130_fd_sc_hd__o221ai_2, sky130_fd_sc_hd__o311a_4, sky130_fd_sc_hd__or4_1, sky130_fd_sc_hd__mux4_2, sky130_fd_sc_hd__o2bb2a_2, sky130_fd_sc_hd__clkinv_16, sky130_fd_sc_hd__buf_12, sky130_fd_sc_hd__mux4_1, sky130_fd_sc_hd__or3b_2, sky130_fd_sc_hd__o22ai_2, sky130_fd_sc_hd__o41a_1, sky130_fd_sc_hd__and4b_4, sky130_fd_sc_hd__o221ai_4, sky130_fd_sc_hd__o2111a_1, sky130_fd_sc_hd__a2111o_1, sky130_fd_sc_hd__o31ai_4, sky130_fd_sc_hd__o211ai_1, sky130_fd_sc_hd__o211ai_4, sky130_fd_sc_hd__and2_4, sky130_fd_sc_hd__o211ai_2, sky130_fd_sc_hd__a221o_2, sky130_fd_sc_hd__a211o_4, sky130_fd_sc_hd__a41o_1, sky130_fd_sc_hd__nand2_8, sky130_fd_sc_hd__o211a_2, sky130_fd_sc_hd__and3_2, sky130_fd_sc_hd__inv_16, sky130_fd_sc_hd__o211a_4, sky130_fd_sc_hd__o21bai_1, sky130_fd_sc_hd__a211o_1, sky130_fd_sc_hd__a31oi_1, sky130_fd_sc_hd__nor4_2, sky130_fd_sc_hd__o221ai_1, sky130_fd_sc_hd__a311o_1, sky130_fd_sc_hd__a21boi_2, sky130_fd_sc_hd__a21boi_1, sky130_fd_sc_hd__nor2b_2, sky130_fd_sc_hd__a311o_4, sky130_fd_sc_hd__or3b_4, sky130_fd_sc_hd__a211oi_4, sky130_fd_sc_hd__mux2_4, sky130_fd_sc_hd__o21a_4, sky130_fd_sc_hd__a31oi_2, sky130_fd_sc_hd__or3b_1, sky130_fd_sc_hd__and3_4, sky130_fd_sc_hd__nor3_4, sky130_fd_sc_hd__mux2_8, sky130_fd_sc_hd__nor3_1, sky130_fd_sc_hd__o311a_1, sky130_fd_sc_hd__or3_2, sky130_fd_sc_hd__a21o_1, sky130_fd_sc_hd__mux2_1, sky130_fd_sc_hd__a221o_1, sky130_fd_sc_hd__o221a_4, sky130_fd_sc_hd__nor3_2, sky130_fd_sc_hd__or4b_4, sky130_fd_sc_hd__or4bb_4, sky130_fd_sc_hd__mux2_2, sky130_fd_sc_hd__inv_2, sky130_fd_sc_hd__and4_4, sky130_fd_sc_hd__a211oi_2, sky130_fd_sc_hd__a211oi_1, sky130_fd_sc_hd__o211a_1, sky130_fd_sc_hd__or2b_2, sky130_fd_sc_hd__o2bb2ai_2, sky130_fd_sc_hd__a2bb2oi_2, sky130_fd_sc_hd__a2bb2o_4, sky130_fd_sc_hd__a22o_2, sky130_fd_sc_hd__a21boi_4, sky130_fd_sc_hd__and4_2, sky130_fd_sc_hd__or2_4, sky130_fd_sc_hd__or4_4, sky130_fd_sc_hd__and4_1, sky130_fd_sc_hd__a31o_1, sky130_fd_sc_hd__nor2_8, sky130_fd_sc_hd__nand2_2, sky130_fd_sc_hd__nor2_4, sky130_fd_sc_hd__a31oi_4, sky130_fd_sc_hd__a21oi_1, sky130_fd_sc_hd__o22a_4, sky130_fd_sc_hd__a21oi_4, sky130_fd_sc_hd__o22ai_4, sky130_fd_sc_hd__o21ai_4, sky130_fd_sc_hd__nor2_1, sky130_fd_sc_hd__a2bb2oi_4, sky130_fd_sc_hd__dfxtp_1, sky130_fd_sc_hd__nor2_2, sky130_fd_sc_hd__o32a_1, sky130_fd_sc_hd__o31a_2, sky130_fd_sc_hd__a21bo_2, sky130_fd_sc_hd__a32o_1, sky130_fd_sc_hd__o22a_2, sky130_fd_sc_hd__o22ai_1, sky130_fd_sc_hd__a21oi_2, sky130_fd_sc_hd__dlymetal6s2s_1, sky130_fd_sc_hd__dfxtp_4, sky130_fd_sc_hd__o41a_2, sky130_fd_sc_hd__nand2_1, sky130_fd_sc_hd__or2_2, sky130_fd_sc_hd__a2bb2o_2, sky130_fd_sc_hd__and3_1, sky130_fd_sc_hd__o21ba_1, sky130_fd_sc_hd__o21a_2, sky130_fd_sc_hd__o21a_1, sky130_fd_sc_hd__o21ai_2, sky130_fd_sc_hd__o2bb2a_1, sky130_fd_sc_hd__o31a_4, sky130_fd_sc_hd__o2bb2ai_1, sky130_fd_sc_hd__or3_4, sky130_fd_sc_hd__o221a_2, sky130_fd_sc_hd__buf_2, sky130_fd_sc_hd__or3_1, sky130_fd_sc_hd__clkbuf_1, sky130_fd_sc_hd__a2bb2oi_1, sky130_fd_sc_hd__o221a_1, sky130_fd_sc_hd__or2b_1, sky130_fd_sc_hd__o22a_1, sky130_fd_sc_hd__a22o_1, sky130_fd_sc_hd__o31a_1, sky130_fd_sc_hd__clkbuf_16, sky130_fd_sc_hd__a21bo_1, sky130_fd_sc_hd__a2bb2o_1, sky130_fd_sc_hd__conb_1, sky130_fd_sc_hd__clkbuf_4, sky130_fd_sc_hd__buf_4, sky130_fd_sc_hd__and2_1, sky130_fd_sc_hd__o21ai_1, sky130_fd_sc_hd__dfxtp_2, sky130_fd_sc_hd__or2_1, sky130_fd_sc_hd__buf_6, sky130_fd_sc_hd__buf_1, sky130_fd_sc_hd__decap_12, sky130_fd_sc_hd__clkbuf_8, sky130_fd_sc_hd__decap_4, sky130_fd_sc_hd__fill_1, sky130_fd_sc_hd__decap_6, sky130_fd_sc_hd__buf_8, sky130_fd_sc_hd__decap_3, sky130_fd_sc_hd__tapvpwrvgnd_1, sky130_fd_sc_hd__clkbuf_2, sky130_fd_sc_hd__diode_2, sky130_fd_sc_hd__fill_2, sky130_fd_sc_hd__decap_8.
[INFO]: LEF Write Complete
Using technology "sky130A", version 1.0.141-0-gb9ffc1f
