OpenROAD 0.9.0 1415572a73
This program is licensed under the BSD-3 license. See the LICENSE file for details.
Components of this program may be licensed under more restrictive licenses which must be honored.
Notice 0: Reading LEF file:  /openLANE_flow/designs/picorv32a/runs/12-08_20-54/tmp/merged_unpadded.lef
Notice 0:     Created 13 technology layers
Notice 0:     Created 25 technology vias
Notice 0:     Created 442 library cells
Notice 0: Finished LEF file:  /openLANE_flow/designs/picorv32a/runs/12-08_20-54/tmp/merged_unpadded.lef
Notice 0: 
Reading DEF file: /openLANE_flow/designs/picorv32a/runs/12-08_20-54/tmp/placement/7-resizer.def
Notice 0: Design: picorv32a
Notice 0:     Created 409 pins.
Notice 0:     Created 21696 components and 128945 component-terminals.
Notice 0:     Created 15444 nets and 56983 connections.
Notice 0: Finished DEF file: /openLANE_flow/designs/picorv32a/runs/12-08_20-54/tmp/placement/7-resizer.def
[WARNING DPL-0011] Could not find power special net.
Design Stats
--------------------------------
total instances         21696
multi row instances         0
fixed instances          6354
nets                    15444
design area          420473.3 u^2
fixed area             9141.3 u^2
movable area         147373.8 u^2
utilization                36 %
utilization padded         54 %
rows                      238
row height                2.7 u

Placement Analysis
--------------------------------
total displacement        0.0 u
average displacement      0.0 u
max displacement          0.0 u
original HPWL        756230.0 u
legalized HPWL       769495.6 u
delta HPWL                  2 %

[INFO DPL-0020] Mirrored 6226 instances
[INFO DPL-0021] HPWL before          769495.6 u
[INFO DPL-0022] HPWL after           756230.0 u
[INFO DPL-0023] HPWL delta               -1.7 %
